<?xml version="1.0" encoding="UTF-8"?>
<testsuite xmlns:xsi="http://www.w3.org/2001/XMLSchema-instance" xsi:noNamespaceSchemaLocation="https://maven.apache.org/surefire/maven-surefire-plugin/xsd/surefire-test-report-3.0.xsd" version="3.0" name="utp.edu.pe.nexoket.modelo.ProductoBaseTest" time="0.022" tests="15" errors="0" skipped="0" failures="0">
  <properties>
[...]
</properties>
  <testcase name="testNombreProducto" classname="utp.edu.pe.nexoket.modelo.ProductoBaseTest" time="0.001"/>
  <testcase name="testPorcentajeGanancia" classname="utp.edu.pe.nexoket.modelo.ProductoBaseTest" time="0.001"/>
  <testcase name="testCategoriaProducto" classname="utp.edu.pe.nexoket.modelo.ProductoBaseTest" time="0.0"/>
  <testcase name="testCalcularPrecioVentaBebidas" classname="utp.edu.pe.nexoket.modelo.ProductoBaseTest" time="0.001"/>
  <testcase name="testCalcularPrecioVentaLacteos" classname="utp.edu.pe.nexoket.modelo.ProductoBaseTest" time="0.0"/>
  <testcase name="testProductoActivoPorDefecto" classname="utp.edu.pe.nexoket.modelo.ProductoBaseTest" time="0.001"/>
  <testcase name="testPrecioCompraPositivo" classname="utp.edu.pe.nexoket.modelo.ProductoBaseTest" time="0.001"/>
  <testcase name="testCodigoProducto" classname="utp.edu.pe.nexoket.modelo.ProductoBaseTest" time="0.001"/>
  <testcase name="testPrecioFinalConIGV" classname="utp.edu.pe.nexoket.modelo.ProductoBaseTest" time="0.001"/>
  <testcase name="testFechaCreacion" classname="utp.edu.pe.nexoket.modelo.ProductoBaseTest" time="0.001"/>
  <testcase name="testNecesitaIGV" classname="utp.edu.pe.nexoket.modelo.ProductoBaseTest" time="0.001"/>
  <testcase name="testMargenGananciaSugerido" classname="utp.edu.pe.nexoket.modelo.ProductoBaseTest" time="0.002"/>
  <testcase name="testLacteoSinIGV" classname="utp.edu.pe.nexoket.modelo.ProductoBaseTest" time="0.0"/>
  <testcase name="testStockNoNegativo" classname="utp.edu.pe.nexoket.modelo.ProductoBaseTest" time="0.0"/>
  <testcase name="testMargenGanancia" classname="utp.edu.pe.nexoket.modelo.ProductoBaseTest" time="0.002"/>
</testsuite>